app/build/intermediates/manifest_merge_blame_file/release/manifest-merger-blame-release-report.txt
1<?xml version="1.0" encoding="utf-8"?>
2<manifest xmlns:android="http://schemas.android.com/apk/res/android"
3    package="com.qniti.selia"
4    android:versionCode="2"
5    android:versionName="1.1" >
6
7    <uses-sdk
8        android:minSdkVersion="21"
8-->src\main\AndroidManifest.xml
9        android:targetSdkVersion="31" />
9-->src\main\AndroidManifest.xml
10
11    <uses-permission android:name="android.permission.INTERNET" />
11-->src\main\AndroidManifest.xml:6:5-67
11-->src\main\AndroidManifest.xml:6:22-64
12    <uses-permission android:name="android.permission.MODIFY_AUDIO_SETTINGS" />
12-->src\main\AndroidManifest.xml:7:5-80
12-->src\main\AndroidManifest.xml:7:22-77
13    <uses-permission android:name="android.permission.CAMERA" /> <!-- Don't require camera, as this requires a rear camera. This allows it to work on the Nexus 7 -->
13-->[com.journeyapps:zxing-android-embedded:3.3.0] AndroidManifest.xml:21:5-65
13-->[com.journeyapps:zxing-android-embedded:3.3.0] AndroidManifest.xml:21:22-62
14    <uses-feature
14-->[com.journeyapps:zxing-android-embedded:3.3.0] AndroidManifest.xml:24:5-26:36
15        android:name="android.hardware.camera"
15-->[com.journeyapps:zxing-android-embedded:3.3.0] AndroidManifest.xml:25:9-47
16        android:required="false" />
16-->[com.journeyapps:zxing-android-embedded:3.3.0] AndroidManifest.xml:26:9-33
17    <uses-feature
17-->[com.journeyapps:zxing-android-embedded:3.3.0] AndroidManifest.xml:27:5-29:36
18        android:name="android.hardware.camera.front"
18-->[com.journeyapps:zxing-android-embedded:3.3.0] AndroidManifest.xml:28:9-53
19        android:required="false" /> <!-- TODO replace above two with next line after Android 4.2 -->
19-->[com.journeyapps:zxing-android-embedded:3.3.0] AndroidManifest.xml:29:9-33
20    <!-- <uses-feature android:name="android.hardware.camera.any"/> -->
21    <uses-feature
21-->[com.journeyapps:zxing-android-embedded:3.3.0] AndroidManifest.xml:32:5-34:36
22        android:name="android.hardware.camera.autofocus"
22-->[com.journeyapps:zxing-android-embedded:3.3.0] AndroidManifest.xml:33:9-57
23        android:required="false" />
23-->[com.journeyapps:zxing-android-embedded:3.3.0] AndroidManifest.xml:34:9-33
24    <uses-feature
24-->[com.journeyapps:zxing-android-embedded:3.3.0] AndroidManifest.xml:35:5-37:36
25        android:name="android.hardware.camera.flash"
25-->[com.journeyapps:zxing-android-embedded:3.3.0] AndroidManifest.xml:36:9-53
26        android:required="false" />
26-->[com.journeyapps:zxing-android-embedded:3.3.0] AndroidManifest.xml:37:9-33
27    <uses-feature
27-->[com.journeyapps:zxing-android-embedded:3.3.0] AndroidManifest.xml:38:5-40:36
28        android:name="android.hardware.screen.landscape"
28-->[com.journeyapps:zxing-android-embedded:3.3.0] AndroidManifest.xml:39:9-57
29        android:required="false" />
29-->[com.journeyapps:zxing-android-embedded:3.3.0] AndroidManifest.xml:40:9-33
30    <uses-feature
30-->[com.journeyapps:zxing-android-embedded:3.3.0] AndroidManifest.xml:41:5-43:36
31        android:name="android.hardware.wifi"
31-->[com.journeyapps:zxing-android-embedded:3.3.0] AndroidManifest.xml:42:9-45
32        android:required="false" />
32-->[com.journeyapps:zxing-android-embedded:3.3.0] AndroidManifest.xml:43:9-33
33
34    <application
34-->src\main\AndroidManifest.xml:9:5-75:19
35        android:name="com.qniti.qselia.CustomFontApp"
35-->src\main\AndroidManifest.xml:10:9-38
36        android:allowBackup="true"
36-->src\main\AndroidManifest.xml:11:9-35
37        android:appComponentFactory="androidx.core.app.CoreComponentFactory"
37-->[androidx.core:core:1.1.0] AndroidManifest.xml:24:18-86
38        android:icon="@mipmap/ic_launcher"
38-->src\main\AndroidManifest.xml:12:9-43
39        android:label="@string/app_name"
39-->src\main\AndroidManifest.xml:13:9-41
40        android:networkSecurityConfig="@xml/network_security_config"
40-->src\main\AndroidManifest.xml:14:9-69
41        android:roundIcon="@mipmap/ic_launcher_round"
41-->src\main\AndroidManifest.xml:15:9-54
42        android:supportsRtl="true"
42-->src\main\AndroidManifest.xml:16:9-35
43        android:theme="@style/SplashTheme" >
43-->src\main\AndroidManifest.xml:17:9-43
44        <activity
44-->src\main\AndroidManifest.xml:18:9-22:65
45            android:name="com.qniti.qselia.ForgetPassword"
45-->src\main\AndroidManifest.xml:18:19-49
46            android:configChanges="orientation"
46-->src\main\AndroidManifest.xml:19:13-48
47            android:exported="true"
47-->src\main\AndroidManifest.xml:21:13-36
48            android:screenOrientation="portrait" />
48-->src\main\AndroidManifest.xml:20:13-49
49        <activity
49-->src\main\AndroidManifest.xml:23:9-28:56
50            android:name="com.qniti.qselia.ChangePassword"
50-->src\main\AndroidManifest.xml:24:13-43
51            android:configChanges="orientation"
51-->src\main\AndroidManifest.xml:25:13-48
52            android:exported="true"
52-->src\main\AndroidManifest.xml:27:13-36
53            android:screenOrientation="portrait" />
53-->src\main\AndroidManifest.xml:26:13-49
54        <activity
54-->src\main\AndroidManifest.xml:29:9-34:56
55            android:name="com.qniti.qselia.Profile"
55-->src\main\AndroidManifest.xml:30:13-36
56            android:configChanges="orientation"
56-->src\main\AndroidManifest.xml:31:13-48
57            android:exported="true"
57-->src\main\AndroidManifest.xml:33:13-36
58            android:screenOrientation="portrait" />
58-->src\main\AndroidManifest.xml:32:13-49
59        <activity
59-->src\main\AndroidManifest.xml:35:9-40:56
60            android:name="com.qniti.qselia.PastVisited"
60-->src\main\AndroidManifest.xml:36:13-40
61            android:configChanges="orientation"
61-->src\main\AndroidManifest.xml:37:13-48
62            android:exported="true"
62-->src\main\AndroidManifest.xml:39:13-36
63            android:screenOrientation="portrait" />
63-->src\main\AndroidManifest.xml:38:13-49
64        <activity
64-->src\main\AndroidManifest.xml:41:9-46:56
65            android:name="com.qniti.qselia.UserLocationDetails"
65-->src\main\AndroidManifest.xml:42:13-48
66            android:configChanges="orientation"
66-->src\main\AndroidManifest.xml:43:13-48
67            android:exported="true"
67-->src\main\AndroidManifest.xml:45:13-36
68            android:screenOrientation="portrait" />
68-->src\main\AndroidManifest.xml:44:13-49
69        <activity
69-->src\main\AndroidManifest.xml:47:9-52:56
70            android:name="com.qniti.qselia.RegisterActivity"
70-->src\main\AndroidManifest.xml:48:13-45
71            android:configChanges="orientation"
71-->src\main\AndroidManifest.xml:49:13-48
72            android:exported="true"
72-->src\main\AndroidManifest.xml:51:13-36
73            android:screenOrientation="portrait" />
73-->src\main\AndroidManifest.xml:50:13-49
74        <activity
74-->src\main\AndroidManifest.xml:53:9-64:20
75            android:name="com.qniti.qselia.LoginActivity"
75-->src\main\AndroidManifest.xml:54:13-42
76            android:configChanges="orientation"
76-->src\main\AndroidManifest.xml:55:13-48
77            android:exported="true"
77-->src\main\AndroidManifest.xml:56:13-36
78            android:screenOrientation="portrait" >
78-->src\main\AndroidManifest.xml:57:13-49
79            <intent-filter>
79-->src\main\AndroidManifest.xml:59:13-63:29
80                <action android:name="android.intent.action.MAIN" />
80-->src\main\AndroidManifest.xml:60:17-69
80-->src\main\AndroidManifest.xml:60:25-66
81
82                <category android:name="android.intent.category.LAUNCHER" />
82-->src\main\AndroidManifest.xml:62:17-77
82-->src\main\AndroidManifest.xml:62:27-74
83            </intent-filter>
84        </activity>
85        <activity
85-->src\main\AndroidManifest.xml:65:9-70:56
86            android:name="com.qniti.qselia.MainActivity"
86-->src\main\AndroidManifest.xml:66:13-41
87            android:configChanges="orientation"
87-->src\main\AndroidManifest.xml:68:13-48
88            android:exported="true"
88-->src\main\AndroidManifest.xml:67:13-36
89            android:screenOrientation="portrait" />
89-->src\main\AndroidManifest.xml:69:13-49
90
91        <uses-library
91-->src\main\AndroidManifest.xml:72:9-74:39
92            android:name="org.apache.http.legacy"
92-->src\main\AndroidManifest.xml:73:13-50
93            android:required="false" />
93-->src\main\AndroidManifest.xml:74:13-37
94
95        <activity
95-->[pub.devrel:easypermissions:3.0.0] AndroidManifest.xml:12:9-16:66
96            android:name="pub.devrel.easypermissions.AppSettingsDialogHolderActivity"
96-->[pub.devrel:easypermissions:3.0.0] AndroidManifest.xml:13:13-86
97            android:exported="false"
97-->[pub.devrel:easypermissions:3.0.0] AndroidManifest.xml:14:13-37
98            android:label=""
98-->[pub.devrel:easypermissions:3.0.0] AndroidManifest.xml:15:13-29
99            android:theme="@style/EasyPermissions.Transparent" />
99-->[pub.devrel:easypermissions:3.0.0] AndroidManifest.xml:16:13-63
100        <activity
100-->[com.journeyapps:zxing-android-embedded:3.3.0] AndroidManifest.xml:46:9-52:63
101            android:name="com.journeyapps.barcodescanner.CaptureActivity"
101-->[com.journeyapps:zxing-android-embedded:3.3.0] AndroidManifest.xml:47:13-74
102            android:clearTaskOnLaunch="true"
102-->[com.journeyapps:zxing-android-embedded:3.3.0] AndroidManifest.xml:48:13-45
103            android:screenOrientation="sensorLandscape"
103-->[com.journeyapps:zxing-android-embedded:3.3.0] AndroidManifest.xml:49:13-56
104            android:stateNotNeeded="true"
104-->[com.journeyapps:zxing-android-embedded:3.3.0] AndroidManifest.xml:50:13-42
105            android:theme="@style/zxing_CaptureTheme"
105-->[com.journeyapps:zxing-android-embedded:3.3.0] AndroidManifest.xml:51:13-54
106            android:windowSoftInputMode="stateAlwaysHidden" />
106-->[com.journeyapps:zxing-android-embedded:3.3.0] AndroidManifest.xml:52:13-60
107    </application>
108
109</manifest>